2024-09-02 22:05:06,958 WARNING  * Debugger is active!
2024-09-02 22:05:06,966 INFO  * Debugger PIN: 485-096-234
2024-09-02 22:18:10,791 INFO  * Detected change in '/Users/dimimac/distributed_medical_app/run.py', reloading
2024-09-02 22:18:10,993 WARNING  * Debugger is active!
2024-09-02 22:18:11,001 INFO  * Debugger PIN: 485-096-234
2024-09-02 22:18:33,189 INFO  * Detected change in '/Users/dimimac/distributed_medical_app/run.py', reloading
2024-09-02 22:18:33,382 WARNING  * Debugger is active!
2024-09-02 22:18:33,398 INFO  * Debugger PIN: 485-096-234
2024-09-02 22:23:51,612 INFO  * Detected change in '/Users/dimimac/distributed_medical_app/server/routes.py', reloading
2024-09-02 22:23:51,848 WARNING  * Debugger is active!
2024-09-02 22:23:51,858 INFO  * Debugger PIN: 485-096-234
2024-09-02 22:25:14,688 INFO  * Detected change in '/Users/dimimac/distributed_medical_app/server/routes.py', reloading
2024-09-02 22:25:14,824 WARNING  * Debugger is active!
2024-09-02 22:25:14,831 INFO  * Debugger PIN: 485-096-234
2024-09-02 22:26:16,348 INFO  * Detected change in '/Users/dimimac/distributed_medical_app/server/routes.py', reloading
2024-09-02 22:26:16,568 WARNING  * Debugger is active!
2024-09-02 22:26:16,573 INFO  * Debugger PIN: 485-096-234
2024-09-02 22:30:58,399 INFO  * Detected change in '/Users/dimimac/distributed_medical_app/blockchain/blockchain.py', reloading
2024-09-02 22:30:58,531 WARNING  * Debugger is active!
2024-09-02 22:30:58,537 INFO  * Debugger PIN: 485-096-234
